\BOOKMARK [1][]{internal_label.1}{Bookmarktitle}{}% 1
\BOOKMARK [0][]{chapter.1}{1\040Differentiation\040in\040several\040variable\040calculus}{}% 2
\BOOKMARK [1][]{section.1.1}{1.1\040Derivatives}{chapter.1}% 3
\BOOKMARK [2][]{subsection.1.1.1}{1.1.1\040Directional\040derivative\040and\040differentiability}{section.1.1}% 4
\BOOKMARK [2][]{subsection.1.1.2}{1.1.2\040Partial\040derivative\040and\040Jacobian\040matrix}{section.1.1}% 5
\BOOKMARK [1][]{section.1.2}{1.2\040The\040chain\040rule}{chapter.1}% 6
\BOOKMARK [2][]{subsection.1.2.1}{1.2.1\040Several\040calculus\040chain\040rule}{section.1.2}% 7
\BOOKMARK [2][]{subsection.1.2.2}{1.2.2\040The\040mean-value\040theorem}{section.1.2}% 8
\BOOKMARK [1][]{section.1.3}{1.3\040Continuous\040differentiability}{chapter.1}% 9
\BOOKMARK [1][]{section.1.4}{1.4\040The\040inverse\040function\040theorem}{chapter.1}% 10
\BOOKMARK [2][]{subsection.1.4.1}{1.4.1\040The\040contraction\040mapping\040theorem}{section.1.4}% 11
\BOOKMARK [2][]{subsection.1.4.2}{1.4.2\040The\040inverse\040function\040theorem}{section.1.4}% 12
\BOOKMARK [0][]{chapter.2}{2\040Exterior\040algebra}{}% 13
\BOOKMARK [1][]{section.2.1}{2.1\040Tensor\040product}{chapter.2}% 14
\BOOKMARK [2][]{subsection.2.1.1}{2.1.1\040Tensor\040product\040of\040two\040vector\040spaces}{section.2.1}% 15
\BOOKMARK [2][]{subsection.2.1.2}{2.1.2\040Tensor\040product}{section.2.1}% 16
\BOOKMARK [2][]{subsection.2.1.3}{2.1.3\040Tensors}{section.2.1}% 17
\BOOKMARK [1][]{section.2.2}{2.2\040Alternating\040tensors}{chapter.2}% 18
\BOOKMARK [1][]{section.2.3}{2.3\040Exterior\040algebra}{chapter.2}% 19
\BOOKMARK [1][]{section.a.2.A}{2.A\040Dual\040space}{chapter.2}% 20
\BOOKMARK [1][]{section.a.2.B}{2.B\040Permutations}{chapter.2}% 21
\BOOKMARK [0][]{appendix.3}{3\040Manifold}{}% 22
\BOOKMARK [1][]{section.3.1}{3.1\040Topological\040manifolds}{appendix.3}% 23
\BOOKMARK [1][]{section.3.2}{3.2\040Smooth\040structures}{appendix.3}% 24
\BOOKMARK [1][]{section.3.3}{3.3\040Smooth\040maps}{appendix.3}% 25
\BOOKMARK [2][]{subsection.3.3.1}{3.3.1\040Smooth\040functions\040on\040manifold}{section.3.3}% 26
\BOOKMARK [2][]{subsection.3.3.2}{3.3.2\040Smooth\040maps\040between\040manifolds}{section.3.3}% 27
\BOOKMARK [2][]{subsection.3.3.3}{3.3.3\040Constructing\040smooth\040maps}{section.3.3}% 28
\BOOKMARK [1][]{section.3.4}{3.4\040Diffeomorphisms}{appendix.3}% 29
\BOOKMARK [0][]{appendix.4}{4\040Tangent\040spaces}{}% 30
\BOOKMARK [1][]{section.4.1}{4.1\040An\040intuition:\040Geometric\040tangent\040space}{appendix.4}% 31
\BOOKMARK [1][]{section.4.2}{4.2\040Tangent\040spaces}{appendix.4}% 32
\BOOKMARK [1][]{section.4.3}{4.3\040Applications}{appendix.4}% 33
